2024-10-14 18:04:01,094 - WARNING - Could not find 'Verplichte opleidingsonderdelen' header
2024-10-14 20:24:27,877 - WARNING - Could not find 'Verplichte opleidingsonderdelen' header
2024-10-14 20:24:28,218 - WARNING - Could not find 'Verplichte opleidingsonderdelen' header
2024-10-14 20:28:54,633 - WARNING - Could not find 'Verplichte opleidingsonderdelen' header
2024-10-14 20:28:54,945 - WARNING - Could not find 'Verplichte opleidingsonderdelen' header
2024-10-14 20:28:55,250 - WARNING - Could not find 'Verplichte opleidingsonderdelen' header
2024-10-14 20:32:05,416 - INFO - Fetched HTML content from https://onderwijsaanbodkempen.thomasmore.be/2024/opleidingen/n/SC_51260641.htm
2024-10-14 20:32:05,420 - WARNING - Could not find 'Verplichte opleidingsonderdelen' header
2024-10-14 20:32:05,751 - INFO - Fetched HTML content from https://onderwijsaanbodkempen.thomasmore.be/2024/opleidingen/n/SC_51260641.htm
2024-10-14 20:32:05,754 - WARNING - Could not find 'Verplichte opleidingsonderdelen' header
2024-10-14 20:32:06,056 - INFO - Fetched HTML content from https://onderwijsaanbodkempen.thomasmore.be/2024/opleidingen/n/SC_51260641.htm
2024-10-14 20:32:06,059 - WARNING - Could not find 'Verplichte opleidingsonderdelen' header
2024-10-14 20:32:06,421 - INFO - Fetched HTML content from https://onderwijsaanbodkempen.thomasmore.be/2024/opleidingen/n/SC_51260641.htm
2024-10-14 20:32:06,427 - WARNING - Could not find 'Verplichte opleidingsonderdelen' header
2024-10-14 20:34:03,325 - INFO - Fetched HTML content from https://onderwijsaanbodkempen.thomasmore.be/2024/opleidingen/n/SC_51260641.htm
2024-10-14 20:34:03,329 - WARNING - Could not find 'Verplichte opleidingsonderdelen' header
2024-10-14 20:34:03,700 - INFO - Fetched HTML content from https://onderwijsaanbodkempen.thomasmore.be/2024/opleidingen/n/SC_51260641.htm
2024-10-14 20:34:03,703 - WARNING - Could not find 'Verplichte opleidingsonderdelen' header
2024-10-14 20:35:37,834 - INFO - Fetched HTML content from https://onderwijsaanbodkempen.thomasmore.be/2024/opleidingen/n/SC_51260641.htm
2024-10-14 20:35:37,847 - WARNING - Could not find 'Verplichte opleidingsonderdelen' header
2024-10-14 20:35:38,151 - INFO - Fetched HTML content from https://onderwijsaanbodkempen.thomasmore.be/2024/opleidingen/n/SC_51260641.htm
2024-10-14 20:35:38,164 - WARNING - Could not find 'Verplichte opleidingsonderdelen' header
2024-10-14 20:38:17,494 - INFO - Fetched HTML content from https://onderwijsaanbodkempen.thomasmore.be/2024/opleidingen/n/SC_51260641.htm
2024-10-14 20:38:17,514 - INFO - Filtered 36 Z-codes from 'Verplichte opleidingsonderdelen' section
2024-10-14 20:38:17,834 - INFO - Fetched HTML content from https://onderwijsaanbodkempen.thomasmore.be/2024/opleidingen/n/SC_51260641.htm
2024-10-14 20:38:17,854 - INFO - Filtered 36 Z-codes from 'Verplichte opleidingsonderdelen' section
2024-10-16 10:01:57,660 - INFO - Fetched HTML content from https://onderwijsaanbodkempen.thomasmore.be/2024/opleidingen/n/SC_51260641.htm
2024-10-16 10:01:57,704 - INFO - Filtered 36 Z-codes from 'Verplichte opleidingsonderdelen' section
2024-10-16 10:01:58,075 - INFO - Fetched HTML content from https://onderwijsaanbodkempen.thomasmore.be/2024/opleidingen/n/SC_51260641.htm
2024-10-16 10:01:58,114 - INFO - Filtered 36 Z-codes from 'Verplichte opleidingsonderdelen' section
2024-10-16 10:38:33,622 - INFO - Fetched HTML content from https://onderwijsaanbodkempen.thomasmore.be/2024/opleidingen/n/SC_51260641.htm
2024-10-16 10:38:33,640 - INFO - Filtered 36 Z-codes from 'Verplichte opleidingsonderdelen' section
2024-10-16 10:59:05,121 - INFO - Fetched HTML content from https://onderwijsaanbodkempen.thomasmore.be/2024/opleidingen/n/SC_51260641.htm
2024-10-16 10:59:05,152 - INFO - Filtered 36 Z-codes from 'Verplichte opleidingsonderdelen' section
2024-10-16 10:59:05,526 - INFO - Fetched HTML content from https://onderwijsaanbodkempen.thomasmore.be/2024/opleidingen/n/SC_51260641.htm
2024-10-16 10:59:05,558 - INFO - Filtered 36 Z-codes from 'Verplichte opleidingsonderdelen' section
2024-10-16 11:08:10,028 - INFO - Fetched HTML content from https://onderwijsaanbodkempen.thomasmore.be/2024/opleidingen/n/SC_51260641.htm
2024-10-16 11:08:10,058 - INFO - Filtered 36 Z-codes from 'Verplichte opleidingsonderdelen' section
2024-10-16 11:08:10,407 - INFO - Fetched HTML content from https://onderwijsaanbodkempen.thomasmore.be/2024/opleidingen/n/SC_51260641.htm
2024-10-16 11:08:10,439 - INFO - Filtered 36 Z-codes from 'Verplichte opleidingsonderdelen' section
2024-10-16 11:10:08,287 - INFO - Fetched HTML content from https://onderwijsaanbodkempen.thomasmore.be/2024/opleidingen/n/SC_51260641.htm
2024-10-16 11:10:08,318 - INFO - Filtered 36 Z-codes from 'Verplichte opleidingsonderdelen' section
2024-10-16 11:10:08,671 - INFO - Fetched HTML content from https://onderwijsaanbodkempen.thomasmore.be/2024/opleidingen/n/SC_51260641.htm
2024-10-16 11:10:08,702 - INFO - Filtered 36 Z-codes from 'Verplichte opleidingsonderdelen' section
2024-10-16 11:14:50,383 - INFO - Fetched HTML content from https://onderwijsaanbodkempen.thomasmore.be/2024/opleidingen/n/SC_51260641.htm
2024-10-16 11:14:50,416 - INFO - Filtered 36 Z-codes from 'Verplichte opleidingsonderdelen' section
2024-10-16 11:14:50,765 - INFO - Fetched HTML content from https://onderwijsaanbodkempen.thomasmore.be/2024/opleidingen/n/SC_51260641.htm
2024-10-16 11:14:50,796 - INFO - Filtered 36 Z-codes from 'Verplichte opleidingsonderdelen' section
2024-10-16 11:16:44,426 - INFO - Fetched HTML content from https://onderwijsaanbodkempen.thomasmore.be/2024/opleidingen/n/SC_51260641.htm
2024-10-16 11:16:44,458 - INFO - Filtered 36 Z-codes from 'Verplichte opleidingsonderdelen' section
2024-10-16 11:16:44,788 - INFO - Fetched HTML content from https://onderwijsaanbodkempen.thomasmore.be/2024/opleidingen/n/SC_51260641.htm
2024-10-16 11:16:44,823 - INFO - Filtered 36 Z-codes from 'Verplichte opleidingsonderdelen' section
2024-10-16 11:27:12,788 - INFO - Fetched HTML content from https://onderwijsaanbodkempen.thomasmore.be/2024/opleidingen/n/SC_51260641.htm
2024-10-16 11:27:12,823 - INFO - Filtered 36 Z-codes from 'Verplichte opleidingsonderdelen' section
2024-10-16 11:27:13,164 - INFO - Fetched HTML content from https://onderwijsaanbodkempen.thomasmore.be/2024/opleidingen/n/SC_51260641.htm
2024-10-16 11:27:13,199 - INFO - Filtered 36 Z-codes from 'Verplichte opleidingsonderdelen' section
2024-10-16 11:30:24,553 - INFO - Fetched HTML content from https://onderwijsaanbodkempen.thomasmore.be/2024/opleidingen/n/SC_51260641.htm
2024-10-16 11:30:24,587 - INFO - Filtered 36 Z-codes from 'Verplichte opleidingsonderdelen' section
2024-10-16 11:30:24,941 - INFO - Fetched HTML content from https://onderwijsaanbodkempen.thomasmore.be/2024/opleidingen/n/SC_51260641.htm
2024-10-16 11:30:24,971 - INFO - Filtered 36 Z-codes from 'Verplichte opleidingsonderdelen' section
2024-10-16 11:33:47,948 - ERROR - Failed to scrape Z-codes: Invalid URL 'your_overview_url_here': No scheme supplied. Perhaps you meant https://your_overview_url_here?
2024-10-16 11:33:47,949 - ERROR - Failed to scrape Z-codes: Invalid URL 'your_overview_url_here': No scheme supplied. Perhaps you meant https://your_overview_url_here?
2024-10-16 11:38:13,862 - ERROR - Failed to scrape Z-codes: Invalid URL 'your_overview_url_here': No scheme supplied. Perhaps you meant https://your_overview_url_here?
2024-10-16 11:38:13,863 - ERROR - Failed to scrape Z-codes: Invalid URL 'your_overview_url_here': No scheme supplied. Perhaps you meant https://your_overview_url_here?
2024-10-16 11:38:21,046 - INFO - Fetched HTML content from https://onderwijsaanbodkempen.thomasmore.be/2024/opleidingen/n/SC_51260641.htm
2024-10-16 11:38:21,077 - INFO - Filtered 36 Z-codes from 'Verplichte opleidingsonderdelen' section
2024-10-16 11:38:21,468 - INFO - Fetched HTML content from https://onderwijsaanbodkempen.thomasmore.be/2024/opleidingen/n/SC_51260641.htm
2024-10-16 11:38:21,499 - INFO - Filtered 36 Z-codes from 'Verplichte opleidingsonderdelen' section
2024-10-16 11:38:51,540 - INFO - Fetched HTML content from https://onderwijsaanbodkempen.thomasmore.be/2024/opleidingen/n/SC_51260641.htm
2024-10-16 11:38:51,573 - INFO - Filtered 36 Z-codes from 'Verplichte opleidingsonderdelen' section
2024-10-16 11:38:53,024 - INFO - Fetched HTML content from https://onderwijsaanbodkempen.thomasmore.be/2024/opleidingen/n/SC_51260641.htm
2024-10-16 11:38:53,055 - INFO - Filtered 36 Z-codes from 'Verplichte opleidingsonderdelen' section
2024-10-16 11:39:28,643 - INFO - Fetched HTML content from https://onderwijsaanbodkempen.thomasmore.be/2024/opleidingen/n/SC_51260641.htm
2024-10-16 11:39:28,675 - INFO - Filtered 36 Z-codes from 'Verplichte opleidingsonderdelen' section
2024-10-16 11:39:29,188 - INFO - Fetched HTML content from https://onderwijsaanbodkempen.thomasmore.be/2024/opleidingen/n/SC_51260641.htm
2024-10-16 11:39:29,216 - INFO - Filtered 36 Z-codes from 'Verplichte opleidingsonderdelen' section
2024-10-16 11:40:29,154 - INFO - Fetched HTML content from https://onderwijsaanbodkempen.thomasmore.be/2024/opleidingen/n/SC_51260641.htm
2024-10-16 11:40:29,205 - INFO - Filtered 36 Z-codes from 'Verplichte opleidingsonderdelen' section
2024-10-16 11:40:29,627 - INFO - Fetched HTML content from https://onderwijsaanbodkempen.thomasmore.be/2024/opleidingen/n/SC_51260641.htm
2024-10-16 11:40:29,678 - INFO - Filtered 36 Z-codes from 'Verplichte opleidingsonderdelen' section
2024-10-16 11:43:55,746 - INFO - Fetched HTML content from https://onderwijsaanbodkempen.thomasmore.be/2024/opleidingen/n/SC_51260641.htm
2024-10-16 11:43:55,798 - INFO - Filtered 36 Z-codes from 'Verplichte opleidingsonderdelen' section
2024-10-16 11:43:56,285 - INFO - Fetched HTML content from https://onderwijsaanbodkempen.thomasmore.be/2024/opleidingen/n/SC_51260641.htm
2024-10-16 11:43:56,335 - INFO - Filtered 36 Z-codes from 'Verplichte opleidingsonderdelen' section
2024-10-16 13:31:33,514 - INFO - Fetched HTML content from https://onderwijsaanbodkempen.thomasmore.be/2024/opleidingen/n/SC_51260641.htm
2024-10-16 13:31:33,533 - INFO - Filtered 36 Z-codes from 'Verplichte opleidingsonderdelen' section
2024-10-16 13:31:33,857 - INFO - Fetched HTML content from https://onderwijsaanbodkempen.thomasmore.be/2024/opleidingen/n/SC_51260641.htm
2024-10-16 13:31:33,877 - INFO - Filtered 36 Z-codes from 'Verplichte opleidingsonderdelen' section
2024-10-16 13:32:29,077 - INFO - Fetched HTML content from https://onderwijsaanbodkempen.thomasmore.be/2024/opleidingen/n/SC_51260641.htm
2024-10-16 13:32:29,096 - INFO - Filtered 36 Z-codes from 'Verplichte opleidingsonderdelen' section
2024-10-16 13:32:29,430 - INFO - Fetched HTML content from https://onderwijsaanbodkempen.thomasmore.be/2024/opleidingen/n/SC_51260641.htm
2024-10-16 13:32:29,449 - INFO - Filtered 36 Z-codes from 'Verplichte opleidingsonderdelen' section
2024-10-16 13:36:44,946 - INFO - Fetched HTML content from https://onderwijsaanbodkempen.thomasmore.be/2024/opleidingen/n/SC_51260641.htm
2024-10-16 13:36:44,964 - INFO - Filtered 36 Z-codes from 'Verplichte opleidingsonderdelen' section
2024-10-16 13:36:45,291 - INFO - Fetched HTML content from https://onderwijsaanbodkempen.thomasmore.be/2024/opleidingen/n/SC_51260641.htm
2024-10-16 13:36:45,310 - INFO - Filtered 36 Z-codes from 'Verplichte opleidingsonderdelen' section
2024-10-16 13:37:44,818 - INFO - Fetched HTML content from https://onderwijsaanbodkempen.thomasmore.be/2024/opleidingen/n/SC_51260641.htm
2024-10-16 13:37:44,836 - INFO - Filtered 36 Z-codes from 'Verplichte opleidingsonderdelen' section
2024-10-16 13:37:45,205 - INFO - Fetched HTML content from https://onderwijsaanbodkempen.thomasmore.be/2024/opleidingen/n/SC_51260641.htm
2024-10-16 13:37:45,222 - INFO - Filtered 36 Z-codes from 'Verplichte opleidingsonderdelen' section
2024-10-16 13:40:10,110 - INFO - Fetched HTML content from https://onderwijsaanbodkempen.thomasmore.be/2024/opleidingen/n/SC_51260641.htm
2024-10-16 13:40:10,128 - INFO - Filtered 36 Z-codes from 'Verplichte opleidingsonderdelen' section
2024-10-16 13:40:10,480 - INFO - Fetched HTML content from https://onderwijsaanbodkempen.thomasmore.be/2024/opleidingen/n/SC_51260641.htm
2024-10-16 13:40:10,498 - INFO - Filtered 36 Z-codes from 'Verplichte opleidingsonderdelen' section
2024-10-16 13:41:40,130 - INFO - Fetched HTML content from https://onderwijsaanbodkempen.thomasmore.be/2024/opleidingen/n/SC_51260641.htm
2024-10-16 13:41:40,149 - INFO - Filtered 36 Z-codes from 'Verplichte opleidingsonderdelen' section
2024-10-16 13:41:40,475 - INFO - Fetched HTML content from https://onderwijsaanbodkempen.thomasmore.be/2024/opleidingen/n/SC_51260641.htm
2024-10-16 13:41:40,494 - INFO - Filtered 36 Z-codes from 'Verplichte opleidingsonderdelen' section
2024-10-16 13:48:50,190 - INFO - Fetched HTML content from https://onderwijsaanbodkempen.thomasmore.be/2024/opleidingen/n/SC_51260641.htm
2024-10-16 13:48:50,210 - INFO - Filtered 36 Z-codes from 'Verplichte opleidingsonderdelen' section
2024-10-16 13:48:50,587 - INFO - Fetched HTML content from https://onderwijsaanbodkempen.thomasmore.be/2024/opleidingen/n/SC_51260641.htm
2024-10-16 13:48:50,606 - INFO - Filtered 36 Z-codes from 'Verplichte opleidingsonderdelen' section
2024-10-16 13:50:06,410 - INFO - Fetched HTML content from https://onderwijsaanbodkempen.thomasmore.be/2024/opleidingen/n/SC_51260641.htm
2024-10-16 13:50:06,430 - INFO - Filtered 36 Z-codes from 'Verplichte opleidingsonderdelen' section
2024-10-16 13:50:06,780 - INFO - Fetched HTML content from https://onderwijsaanbodkempen.thomasmore.be/2024/opleidingen/n/SC_51260641.htm
2024-10-16 13:50:06,799 - INFO - Filtered 36 Z-codes from 'Verplichte opleidingsonderdelen' section
2024-10-16 13:54:35,662 - INFO - Fetched HTML content from https://onderwijsaanbodkempen.thomasmore.be/2024/opleidingen/n/SC_51260641.htm
2024-10-16 13:54:35,681 - INFO - Filtered 36 Z-codes from 'Verplichte opleidingsonderdelen' section
2024-10-16 13:54:36,009 - INFO - Fetched HTML content from https://onderwijsaanbodkempen.thomasmore.be/2024/opleidingen/n/SC_51260641.htm
2024-10-16 13:54:36,029 - INFO - Filtered 36 Z-codes from 'Verplichte opleidingsonderdelen' section
2024-10-16 13:55:18,732 - INFO - Fetched HTML content from https://onderwijsaanbodkempen.thomasmore.be/2024/opleidingen/n/SC_51260641.htm
2024-10-16 13:55:18,750 - INFO - Filtered 36 Z-codes from 'Verplichte opleidingsonderdelen' section
2024-10-16 13:55:19,101 - INFO - Fetched HTML content from https://onderwijsaanbodkempen.thomasmore.be/2024/opleidingen/n/SC_51260641.htm
2024-10-16 13:55:19,121 - INFO - Filtered 36 Z-codes from 'Verplichte opleidingsonderdelen' section
2024-10-16 13:58:39,780 - INFO - Fetched HTML content from https://onderwijsaanbodkempen.thomasmore.be/2024/opleidingen/n/SC_51260641.htm
2024-10-16 13:58:39,798 - INFO - Filtered 36 Z-codes from 'Verplichte opleidingsonderdelen' section
2024-10-16 13:58:40,147 - INFO - Fetched HTML content from https://onderwijsaanbodkempen.thomasmore.be/2024/opleidingen/n/SC_51260641.htm
2024-10-16 13:58:40,165 - INFO - Filtered 36 Z-codes from 'Verplichte opleidingsonderdelen' section
2024-10-16 14:04:27,868 - INFO - Fetched HTML content from https://onderwijsaanbodkempen.thomasmore.be/2024/opleidingen/n/SC_51260641.htm
2024-10-16 14:04:27,886 - INFO - Filtered 36 Z-codes from 'Verplichte opleidingsonderdelen' section
2024-10-16 14:04:28,221 - INFO - Fetched HTML content from https://onderwijsaanbodkempen.thomasmore.be/2024/opleidingen/n/SC_51260641.htm
2024-10-16 14:04:28,240 - INFO - Filtered 36 Z-codes from 'Verplichte opleidingsonderdelen' section
2024-10-16 14:08:50,658 - INFO - Fetched HTML content from https://onderwijsaanbodkempen.thomasmore.be/2024/opleidingen/n/SC_51260641.htm
2024-10-16 14:08:50,679 - INFO - Filtered 36 Z-codes from 'Verplichte opleidingsonderdelen' section
2024-10-16 14:08:50,992 - INFO - Fetched HTML content from https://onderwijsaanbodkempen.thomasmore.be/2024/opleidingen/n/SC_51260641.htm
2024-10-16 14:08:51,011 - INFO - Filtered 36 Z-codes from 'Verplichte opleidingsonderdelen' section
2024-10-16 19:13:33,837 - INFO - Fetched HTML content from https://onderwijsaanbodkempen.thomasmore.be/2024/opleidingen/n/SC_51260641.htm
2024-10-16 19:13:33,847 - INFO - Filtered 36 Z-codes from 'Verplichte opleidingsonderdelen' section
2024-10-16 19:15:22,483 - INFO - Fetched HTML content from https://onderwijsaanbodkempen.thomasmore.be/2024/opleidingen/n/SC_51260641.htm
2024-10-16 19:15:22,494 - INFO - Filtered 36 Z-codes from 'Verplichte opleidingsonderdelen' section
2024-10-16 19:17:04,733 - INFO - Fetched HTML content from https://onderwijsaanbodkempen.thomasmore.be/2024/opleidingen/n/SC_51260641.htm
2024-10-16 19:17:04,744 - INFO - Filtered 36 Z-codes from 'Verplichte opleidingsonderdelen' section
2024-10-16 19:18:09,729 - INFO - Fetched HTML content from https://onderwijsaanbodkempen.thomasmore.be/2024/opleidingen/n/SC_51260641.htm
2024-10-16 19:18:09,740 - INFO - Filtered 36 Z-codes from 'Verplichte opleidingsonderdelen' section
2024-10-16 19:19:51,849 - INFO - Fetched HTML content from https://onderwijsaanbodkempen.thomasmore.be/2024/opleidingen/n/SC_51260641.htm
2024-10-16 19:19:51,850 - INFO - Total rows found: 36
2024-10-16 19:19:51,851 - INFO - Filtered 18 Z-codes from 'Verplichte opleidingsonderdelen' section
2024-10-16 19:24:10,714 - INFO - Fetched HTML content from https://onderwijsaanbodkempen.thomasmore.be/2024/opleidingen/n/SC_51260641.htm
2024-10-16 19:24:10,715 - INFO - Total rows found: 36
2024-10-16 19:24:10,716 - INFO - Filtered 18 Z-codes from 'Verplichte opleidingsonderdelen' section
2024-10-16 19:26:17,027 - INFO - Fetched HTML content from https://onderwijsaanbodkempen.thomasmore.be/2024/opleidingen/n/SC_51260641.htm
2024-10-16 19:26:17,028 - INFO - Total rows found: 36
2024-10-16 19:26:17,029 - INFO - Filtered 18 Z-codes from 'Verplichte opleidingsonderdelen' section
2024-10-16 19:26:31,218 - INFO - Fetched HTML content from https://onderwijsaanbodkempen.thomasmore.be/2024/opleidingen/n/SC_51260641.htm
2024-10-16 19:26:31,219 - INFO - Total rows found: 36
2024-10-16 19:26:31,220 - INFO - Filtered 18 Z-codes from 'Verplichte opleidingsonderdelen' section
2024-10-16 19:27:21,123 - INFO - Fetched HTML content from https://onderwijsaanbodkempen.thomasmore.be/2024/opleidingen/n/SC_51260641.htm
2024-10-16 19:27:21,123 - INFO - Total rows found: 36
2024-10-16 19:27:21,124 - INFO - Filtered 18 Z-codes from 'Verplichte opleidingsonderdelen' section
2024-10-16 19:27:40,671 - INFO - Fetched HTML content from https://onderwijsaanbodkempen.thomasmore.be/2024/opleidingen/n/SC_51260641.htm
2024-10-16 19:27:40,672 - INFO - Total rows found: 36
2024-10-16 19:27:40,673 - INFO - Filtered 18 Z-codes from 'Verplichte opleidingsonderdelen' section
2024-10-16 19:29:30,743 - INFO - Fetched HTML content from https://onderwijsaanbodkempen.thomasmore.be/2024/opleidingen/n/SC_51260641.htm
2024-10-16 19:29:30,745 - INFO - Total rows found: 36
2024-10-16 19:29:30,745 - INFO - Filtered 18 Z-codes from 'Verplichte opleidingsonderdelen' section
2024-10-16 19:32:04,760 - INFO - Fetched HTML content from https://onderwijsaanbodkempen.thomasmore.be/2024/opleidingen/n/SC_51260641.htm
2024-10-16 19:32:04,761 - INFO - Total rows found: 36
2024-10-16 19:32:04,763 - INFO - Filtered 18 Z-codes from 'Verplichte opleidingsonderdelen' section
2024-10-16 19:32:22,663 - INFO - Fetched HTML content from https://onderwijsaanbodkempen.thomasmore.be/2024/opleidingen/n/SC_51260641.htm
2024-10-16 19:32:22,664 - INFO - Total rows found: 36
2024-10-16 19:32:22,666 - INFO - Filtered 18 Z-codes from 'Verplichte opleidingsonderdelen' section
2024-10-16 20:12:18,792 - INFO - Fetched HTML content from https://onderwijsaanbodkempen.thomasmore.be/2024/opleidingen/n/SC_51260641.htm
2024-10-16 20:12:18,793 - INFO - Total rows found: 36
2024-10-16 20:12:18,794 - INFO - Filtered 18 Z-codes
2024-10-16 20:35:54,790 - INFO - Fetched HTML content from https://onderwijsaanbodkempen.thomasmore.be/2024/opleidingen/n/SC_51260641.htm
2024-10-16 20:35:54,790 - INFO - Total rows found: 36
2024-10-16 20:35:54,793 - INFO - Filtered 18 courses with Z-codes
2024-10-16 20:35:57,786 - INFO - Fetched HTML content from https://onderwijsaanbodkempen.thomasmore.be/2024/opleidingen/n/SC_51260641.htm
2024-10-16 20:35:57,787 - INFO - Total rows found: 36
2024-10-16 20:35:57,789 - INFO - Filtered 18 courses with Z-codes
2024-10-16 20:35:58,921 - INFO - Fetched HTML content from https://onderwijsaanbodkempen.thomasmore.be/2024/opleidingen/n/SC_51260641.htm
2024-10-16 20:35:58,923 - INFO - Total rows found: 36
2024-10-16 20:35:58,926 - INFO - Filtered 18 courses with Z-codes
2024-10-16 20:42:49,021 - INFO - Fetched HTML content from https://onderwijsaanbodkempen.thomasmore.be/2024/opleidingen/n/SC_51260641.htm
2024-10-16 20:42:49,023 - INFO - Total rows found: 36
2024-10-16 20:42:49,026 - INFO - Filtered 18 courses with Z-codes
2024-10-16 20:44:20,798 - INFO - Fetched HTML content from https://onderwijsaanbodkempen.thomasmore.be/2024/opleidingen/n/SC_51260641.htm
2024-10-16 20:44:20,799 - INFO - Total rows found: 36
2024-10-16 20:44:20,801 - INFO - Filtered 18 courses with Z-codes
2024-10-16 20:47:50,657 - INFO - Fetched HTML content from https://onderwijsaanbodkempen.thomasmore.be/2024/opleidingen/n/SC_51260641.htm
2024-10-16 20:47:50,658 - INFO - Total rows found: 36
2024-10-16 20:47:50,660 - INFO - Filtered 18 courses with Z-codes
2024-10-16 20:50:33,551 - INFO - Fetched HTML content from https://onderwijsaanbodkempen.thomasmore.be/2024/opleidingen/n/SC_51260641.htm
2024-10-16 20:50:33,552 - INFO - Total rows found: 36
2024-10-16 20:50:33,556 - INFO - Filtered 18 courses with Z-codes
2024-10-17 14:37:21,588 - INFO - Fetched HTML content from https://onderwijsaanbodkempen.thomasmore.be/2024/opleidingen/n/SC_51260641.htm
2024-10-17 14:37:21,589 - INFO - Total rows found: 36
2024-10-17 14:37:21,594 - INFO - Filtered 18 courses with Z-codes
2024-10-17 14:40:59,854 - INFO - Fetched HTML content from https://onderwijsaanbodkempen.thomasmore.be/2024/opleidingen/n/SC_51260641.htm
2024-10-17 14:40:59,855 - INFO - Total rows found: 36
2024-10-17 14:40:59,859 - INFO - Filtered 18 courses with Z-codes
2024-10-17 14:43:39,134 - INFO - Fetched HTML content from https://onderwijsaanbodkempen.thomasmore.be/2024/opleidingen/n/SC_51260641.htm
2024-10-17 14:43:39,135 - INFO - Total rows found: 36
2024-10-17 14:43:39,139 - INFO - Filtered 18 courses with Z-codes
2024-10-17 14:44:21,876 - INFO - Fetched HTML content from https://onderwijsaanbodkempen.thomasmore.be/2024/opleidingen/n/SC_51260641.htm
2024-10-17 14:44:21,877 - INFO - Total rows found: 36
2024-10-17 14:44:21,880 - INFO - Filtered 18 courses with Z-codes
2024-10-17 14:44:40,672 - INFO - Fetched HTML content from https://onderwijsaanbodkempen.thomasmore.be/2024/opleidingen/n/SC_51260641.htm
2024-10-17 14:44:40,673 - INFO - Total rows found: 36
2024-10-17 14:44:40,678 - INFO - Filtered 18 courses with Z-codes
2024-10-17 14:44:50,344 - INFO - Fetched HTML content from https://onderwijsaanbodkempen.thomasmore.be/2024/opleidingen/n/SC_51260641.htm
2024-10-17 14:44:50,345 - INFO - Total rows found: 36
2024-10-17 14:44:50,349 - INFO - Filtered 18 courses with Z-codes
2024-10-17 14:47:24,521 - INFO - Fetched HTML content from https://onderwijsaanbodkempen.thomasmore.be/2024/opleidingen/n/SC_51260641.htm
2024-10-17 14:47:24,521 - INFO - Total rows found: 36
2024-10-17 14:47:24,527 - INFO - Filtered 18 courses with Z-codes
2024-10-17 14:49:16,901 - INFO - Fetched HTML content from https://onderwijsaanbodkempen.thomasmore.be/2024/opleidingen/n/SC_51260641.htm
2024-10-17 14:49:16,903 - INFO - Total rows found: 36
2024-10-17 14:49:16,906 - INFO - Filtered 18 courses with Z-codes
2024-10-17 14:53:42,436 - INFO - Fetched HTML content from https://onderwijsaanbodkempen.thomasmore.be/2024/opleidingen/n/SC_51260641.htm
2024-10-17 14:53:42,438 - INFO - Total rows found: 36
2024-10-17 14:53:42,443 - INFO - Filtered 18 courses with Z-codes
2024-10-17 14:56:22,589 - INFO - Fetched HTML content from https://onderwijsaanbodkempen.thomasmore.be/2024/opleidingen/n/SC_51260641.htm
2024-10-17 14:56:22,591 - INFO - Total rows found: 36
2024-10-17 14:56:22,596 - INFO - Filtered 18 courses with Z-codes
2024-10-17 14:58:08,803 - INFO - Fetched HTML content from https://onderwijsaanbodkempen.thomasmore.be/2024/opleidingen/n/SC_51260641.htm
2024-10-17 14:58:08,804 - INFO - Total rows found: 36
2024-10-17 14:58:08,808 - INFO - Filtered 18 courses with Z-codes
2024-10-17 14:58:58,974 - INFO - Fetched HTML content from https://onderwijsaanbodkempen.thomasmore.be/2024/opleidingen/n/SC_51260641.htm
2024-10-17 14:58:58,975 - INFO - Total rows found: 36
2024-10-17 14:58:58,979 - INFO - Filtered 18 courses with Z-codes
2024-10-17 15:38:22,458 - INFO - Fetched HTML content from https://onderwijsaanbodkempen.thomasmore.be/2024/opleidingen/n/SC_51260641.htm
2024-10-17 15:38:22,459 - INFO - Total rows found: 36
2024-10-17 15:38:22,462 - INFO - Filtered 18 courses with Z-codes
2024-10-17 15:38:32,969 - INFO - Fetched HTML content from https://onderwijsaanbodkempen.thomasmore.be/2024/opleidingen/n/SC_51260641.htm
2024-10-17 15:38:32,970 - INFO - Total rows found: 36
2024-10-17 15:38:32,976 - INFO - Filtered 18 courses with Z-codes
2024-10-17 15:42:46,801 - INFO - Fetched HTML content from https://onderwijsaanbodkempen.thomasmore.be/2024/opleidingen/n/SC_51260641.htm
2024-10-17 15:42:46,801 - INFO - Total rows found: 36
2024-10-17 15:42:46,806 - INFO - Filtered 18 courses with Z-codes
2024-10-17 15:44:39,625 - INFO - Fetched HTML content from https://onderwijsaanbodkempen.thomasmore.be/2024/opleidingen/n/SC_51260641.htm
2024-10-17 15:44:39,626 - INFO - Total rows found: 36
2024-10-17 15:44:39,630 - INFO - Filtered 18 courses with Z-codes
2024-10-17 15:54:40,319 - INFO - Fetched HTML content from https://onderwijsaanbodkempen.thomasmore.be/2024/opleidingen/n/SC_51260641.htm
2024-10-17 15:54:40,320 - INFO - Total rows found: 36
2024-10-17 15:54:40,321 - ERROR - Failed to scrape Z-codes and phases: cannot access local variable 'semester_number' where it is not associated with a value
2024-10-17 15:58:15,783 - INFO - Fetched HTML content from https://onderwijsaanbodkempen.thomasmore.be/2024/opleidingen/n/SC_51260641.htm
2024-10-17 15:58:15,784 - INFO - Total rows found: 36
2024-10-17 15:58:15,784 - ERROR - Failed to scrape Z-codes and phases: cannot access local variable 'semester_number' where it is not associated with a value
2024-10-17 16:44:07,635 - INFO - Fetched HTML content from https://onderwijsaanbodkempen.thomasmore.be/2024/opleidingen/n/SC_51260641.htm
2024-10-17 16:44:07,636 - INFO - Total rows found: 36
2024-10-17 16:44:07,637 - ERROR - Failed to scrape Z-codes and phases: cannot access local variable 'semester_number' where it is not associated with a value
2024-10-17 16:57:49,712 - INFO - Fetched HTML content from https://onderwijsaanbodkempen.thomasmore.be/2024/opleidingen/n/SC_51260641.htm
2024-10-17 16:57:49,713 - INFO - Total rows found: 36
2024-10-17 16:57:49,718 - INFO - Filtered 18 courses with Z-codes
2024-10-17 16:58:41,592 - INFO - Fetched HTML content from https://onderwijsaanbodkempen.thomasmore.be/2024/opleidingen/n/SC_51260641.htm
2024-10-17 16:58:41,593 - INFO - Total rows found: 36
2024-10-17 16:58:41,598 - INFO - Filtered 18 courses with Z-codes
2024-11-21 13:00:28,748 - INFO - Fetched HTML content from https://onderwijsaanbodkempen.thomasmore.be/2024/opleidingen/n/SC_51260641.htm
2024-11-21 13:00:28,761 - INFO - Total rows found: 36
2024-11-21 13:00:28,771 - INFO - Filtered 18 courses with Z-codes
2024-11-21 14:12:54,488 - INFO - Fetched HTML content from https://onderwijsaanbodkempen.thomasmore.be/2024/opleidingen/n/SC_51260641.htm
2024-11-21 14:12:54,490 - INFO - Total rows found: 36
2024-11-21 14:12:54,497 - INFO - Filtered 18 courses with Z-codes
2024-11-21 19:55:41,560 - INFO - Fetched HTML content from https://onderwijsaanbodkempen.thomasmore.be/2024/opleidingen/n/SC_51260641.htm
2024-11-21 19:55:41,561 - INFO - Total rows found: 36
2024-11-21 19:55:41,568 - INFO - Filtered 18 courses with Z-codes
2024-11-21 19:55:56,566 - INFO - Fetched HTML content from https://onderwijsaanbodkempen.thomasmore.be/2024/opleidingen/n/SC_51260641.htm
2024-11-21 19:55:56,567 - INFO - Total rows found: 36
2024-11-21 19:55:56,572 - INFO - Filtered 18 courses with Z-codes
2024-11-27 10:37:15,139 - INFO - Fetched HTML content from https://onderwijsaanbodkempen.thomasmore.be/2024/opleidingen/n/SC_51260641.htm
2024-11-27 10:37:15,140 - INFO - Total rows found: 36
2024-11-27 10:37:15,150 - INFO - Filtered 18 courses with Z-codes
2024-11-27 15:00:32,446 - INFO - Fetched HTML content from https://onderwijsaanbodkempen.thomasmore.be/2024/opleidingen/n/SC_51260641.htm
2024-11-27 15:00:32,448 - INFO - Total rows found under header 'Verplichte opleidingsonderdelen': 36
2024-11-27 15:00:32,455 - INFO - Total rows found under header 'Artificial Intelligence / Application Development': 24
2024-11-27 15:00:32,459 - INFO - Total rows found under header 'Application Development': 24
2024-11-27 15:00:32,463 - INFO - Total rows found under header 'Artificial Intelligence': 24
2024-11-27 15:00:32,466 - INFO - Total courses scraped: 54
2024-11-27 15:02:09,335 - INFO - Fetched HTML content from https://onderwijsaanbodkempen.thomasmore.be/2024/opleidingen/n/SC_51260641.htm
2024-11-27 15:02:09,336 - INFO - Total rows found under header 'Verplichte opleidingsonderdelen': 36
2024-11-27 15:02:09,343 - INFO - Total rows found under header 'Artificial Intelligence / Application Development': 24
2024-11-27 15:02:09,347 - INFO - Total rows found under header 'Application Development': 24
2024-11-27 15:02:09,352 - INFO - Total rows found under header 'Artificial Intelligence': 24
2024-11-27 15:02:09,354 - INFO - Total courses scraped: 54
2024-11-27 15:03:05,273 - INFO - Fetched HTML content from https://onderwijsaanbodkempen.thomasmore.be/2024/opleidingen/n/SC_51260641.htm
2024-11-27 15:03:05,274 - INFO - Total rows found under header 'Verplichte opleidingsonderdelen': 36
2024-11-27 15:03:05,280 - INFO - Total rows found under header 'Artificial Intelligence / Application Development': 24
2024-11-27 15:03:05,284 - INFO - Total rows found under header 'Application Development': 24
2024-11-27 15:03:05,289 - INFO - Total rows found under header 'Artificial Intelligence': 24
2024-11-27 15:03:05,291 - INFO - Total courses scraped: 54
2024-11-27 18:48:30,931 - ERROR - Failed to scrape courses: HTTPSConnectionPool(host='onderwijsaanbodkempen.thomasmore.be', port=443): Max retries exceeded with url: /2024/opleidingen/n/SC_51260641.htm (Caused by NameResolutionError("<urllib3.connection.HTTPSConnection object at 0x00000279855BE660>: Failed to resolve 'onderwijsaanbodkempen.thomasmore.be' ([Errno 11001] getaddrinfo failed)"))
2024-11-27 18:48:56,569 - ERROR - Failed to scrape courses: HTTPSConnectionPool(host='onderwijsaanbodkempen.thomasmore.be', port=443): Max retries exceeded with url: /2024/opleidingen/n/SC_51260641.htm (Caused by NameResolutionError("<urllib3.connection.HTTPSConnection object at 0x00000153465B1970>: Failed to resolve 'onderwijsaanbodkempen.thomasmore.be' ([Errno 11001] getaddrinfo failed)"))
2024-11-27 18:49:42,002 - INFO - Fetched HTML content from https://onderwijsaanbodkempen.thomasmore.be/2024/opleidingen/n/SC_51260641.htm
2024-11-27 18:49:42,003 - INFO - Total rows found under header 'Verplichte opleidingsonderdelen': 36
2024-11-27 18:49:42,008 - INFO - Total courses scraped: 18
2024-11-27 19:10:01,114 - INFO - Fetched HTML content from https://onderwijsaanbodkempen.thomasmore.be/2024/opleidingen/n/SC_51260641.htm
2024-11-27 19:10:01,116 - INFO - Total rows found under header 'Verplichte opleidingsonderdelen': 36
2024-11-27 19:10:01,116 - ERROR - Failed to scrape courses: name 'fase_tds' is not defined
2024-11-27 19:10:55,326 - INFO - Fetched HTML content from https://onderwijsaanbodkempen.thomasmore.be/2024/opleidingen/n/SC_51260641.htm
2024-11-27 19:10:55,326 - INFO - Total rows found under header 'Verplichte opleidingsonderdelen': 36
2024-11-27 19:10:55,338 - ERROR - Failed to scrape courses: name 'phases' is not defined
2024-11-27 19:11:38,948 - INFO - Fetched HTML content from https://onderwijsaanbodkempen.thomasmore.be/2024/opleidingen/n/SC_51260641.htm
2024-11-27 19:11:38,949 - INFO - Total rows found under header 'Verplichte opleidingsonderdelen': 36
2024-11-27 19:11:38,953 - INFO - Total courses scraped: 18
2024-11-27 19:12:36,865 - INFO - Fetched HTML content from https://onderwijsaanbodkempen.thomasmore.be/2024/opleidingen/n/SC_51260641.htm
2024-11-27 19:12:36,866 - INFO - Total rows found under header 'Verplichte opleidingsonderdelen': 36
2024-11-27 19:12:36,877 - INFO - Total rows found under header 'Artificial Intelligence / Application Development': 24
2024-11-27 19:12:36,882 - INFO - Total rows found under header 'Application Development': 24
2024-11-27 19:12:36,887 - INFO - Total rows found under header 'Artificial Intelligence': 24
2024-11-27 19:12:36,889 - INFO - Total courses scraped: 54
2024-11-27 19:15:12,323 - INFO - Fetched HTML content from https://onderwijsaanbodkempen.thomasmore.be/2024/opleidingen/n/SC_51260641.htm
2024-11-27 19:15:12,324 - INFO - Total rows found under header 'Verplichte opleidingsonderdelen': 36
2024-11-27 19:15:12,333 - INFO - Total rows found under header 'Artificial Intelligence / Application Development': 24
2024-11-27 19:15:12,338 - INFO - Total rows found under header 'Application Development': 24
2024-11-27 19:15:12,342 - INFO - Total rows found under header 'Artificial Intelligence': 24
2024-11-27 19:15:12,344 - INFO - Total courses scraped: 54
2024-11-28 15:39:23,192 - INFO - Fetched HTML content from https://onderwijsaanbodkempen.thomasmore.be/2024/opleidingen/n/SC_51260641.htm
2024-11-28 15:39:23,195 - INFO - Total rows found under header 'Verplichte opleidingsonderdelen': 36
2024-11-28 15:39:23,207 - INFO - Total rows found under header 'Artificial Intelligence / Application Development': 24
2024-11-28 15:39:23,217 - INFO - Total rows found under header 'Application Development': 24
2024-11-28 15:39:23,225 - INFO - Total rows found under header 'Artificial Intelligence': 24
2024-11-28 15:39:23,230 - INFO - Total courses scraped: 54
2024-11-28 15:43:51,480 - INFO - Fetched HTML content from https://onderwijsaanbodkempen.thomasmore.be/2024/opleidingen/n/SC_51260641.htm
2024-11-28 15:43:51,481 - INFO - Total rows found under header 'Verplichte opleidingsonderdelen': 36
2024-11-28 15:43:51,490 - INFO - Total rows found under header 'Artificial Intelligence / Application Development': 24
2024-11-28 15:43:51,495 - INFO - Total rows found under header 'Application Development': 24
2024-11-28 15:43:51,497 - INFO - Total courses scraped: 42
2024-11-28 15:44:28,013 - INFO - Fetched HTML content from https://onderwijsaanbodkempen.thomasmore.be/2024/opleidingen/n/SC_51260641.htm
2024-11-28 15:44:28,014 - INFO - Total rows found under header 'Verplichte opleidingsonderdelen': 36
2024-11-28 15:44:28,022 - INFO - Total rows found under header 'Artificial Intelligence / Application Development': 24
2024-11-28 15:44:28,026 - INFO - Total rows found under header 'Application Development': 24
2024-11-28 15:44:28,030 - INFO - Total courses scraped: 42
2024-11-28 15:48:23,286 - INFO - Fetched HTML content from https://onderwijsaanbodkempen.thomasmore.be/2024/opleidingen/n/SC_51260641.htm
2024-11-28 15:48:23,287 - INFO - Total rows found under header 'Verplichte opleidingsonderdelen': 36
2024-11-28 15:48:23,296 - INFO - Total rows found under header 'Artificial Intelligence / Application Development': 24
2024-11-28 15:48:23,301 - INFO - Total rows found under header 'Application Development': 24
2024-11-28 15:48:23,303 - INFO - Total courses scraped: 42
2024-11-28 15:50:41,947 - INFO - Fetched HTML content from https://onderwijsaanbodkempen.thomasmore.be/2024/opleidingen/n/SC_51260641.htm
2024-11-28 15:50:41,947 - INFO - Total rows found under header 'Verplichte opleidingsonderdelen': 36
2024-11-28 15:50:41,955 - INFO - Total rows found under header 'Artificial Intelligence / Application Development': 24
2024-11-28 15:50:41,959 - INFO - Total rows found under header 'Application Development': 24
2024-11-28 15:50:41,963 - INFO - Total courses scraped: 42
2024-11-28 15:55:40,449 - INFO - Fetched HTML content from https://onderwijsaanbodkempen.thomasmore.be/2024/opleidingen/n/SC_51260641.htm
2024-11-28 15:55:40,450 - INFO - Total rows found under header 'Verplichte opleidingsonderdelen': 36
2024-11-28 15:55:40,457 - INFO - Total rows found under header 'Artificial Intelligence / Application Development': 24
2024-11-28 15:55:40,462 - INFO - Total rows found under header 'Application Development': 24
2024-11-28 15:55:40,464 - INFO - Total courses scraped: 42
2024-11-28 16:21:22,267 - INFO - Fetched HTML content from https://onderwijsaanbodkempen.thomasmore.be/2024/opleidingen/n/SC_51260641.htm
2024-11-28 16:21:22,267 - INFO - Total rows found under header 'Verplichte opleidingsonderdelen': 36
2024-11-28 16:21:22,280 - INFO - Total rows found under header 'Artificial Intelligence / Application Development': 24
2024-11-28 16:21:22,288 - INFO - Total rows found under header 'Application Development': 24
2024-11-28 16:21:22,292 - INFO - Total courses scraped: 42
2024-11-28 16:25:05,632 - INFO - Fetched HTML content from https://onderwijsaanbodkempen.thomasmore.be/2024/opleidingen/n/SC_51260641.htm
2024-11-28 16:25:05,633 - INFO - Total rows found under header 'Verplichte opleidingsonderdelen': 36
2024-11-28 16:25:05,650 - INFO - Total rows found under header 'Artificial Intelligence / Application Development': 24
2024-11-28 16:25:05,657 - INFO - Total rows found under header 'Application Development': 24
2024-11-28 16:25:05,664 - INFO - Total courses scraped: 42
2024-11-28 16:27:00,544 - INFO - Fetched HTML content from https://onderwijsaanbodkempen.thomasmore.be/2024/opleidingen/n/SC_51260641.htm
2024-11-28 16:27:00,546 - INFO - Total rows found under header 'Verplichte opleidingsonderdelen': 36
2024-11-28 16:27:00,555 - INFO - Total rows found under header 'Artificial Intelligence / Application Development': 24
2024-11-28 16:27:00,562 - INFO - Total rows found under header 'Application Development': 24
2024-11-28 16:27:00,566 - INFO - Total courses scraped: 42
2024-11-28 16:37:25,875 - INFO - Fetched HTML content from https://onderwijsaanbodkempen.thomasmore.be/2024/opleidingen/n/SC_51260641.htm
2024-11-28 16:37:25,875 - INFO - Total rows found under header 'Verplichte opleidingsonderdelen': 36
2024-11-28 16:37:25,884 - INFO - Total rows found under header 'Artificial Intelligence / Application Development': 24
2024-11-28 16:37:25,893 - INFO - Total rows found under header 'Application Development': 14
2024-11-28 16:37:25,895 - INFO - Total courses scraped: 37
